[INFO] Scanning for projects...
[INFO] 
[INFO] -----------------< com.example.chatbotrag:chatbot_rag >-----------------
[INFO] Building chatbot_rag 0.0.1-SNAPSHOT
[INFO]   from pom.xml
[INFO] --------------------------------[ jar ]---------------------------------
[INFO] 
[INFO] >>> spring-boot:3.4.4:run (default-cli) > test-compile @ chatbot_rag >>>
[INFO] 
[INFO] --- resources:3.3.1:resources (default-resources) @ chatbot_rag ---
[INFO] Copying 1 resource from src\main\resources to target\classes
[INFO] Copying 0 resource from src\main\resources to target\classes
[INFO] 
[INFO] --- compiler:3.13.0:compile (default-compile) @ chatbot_rag ---
[INFO] Recompiling the module because of changed source code.
[INFO] Compiling 29 source files with javac [debug parameters release 21] to target\classes
[INFO] /C:/Users/PC/Desktop/backen_version_final-main/src/main/java/com/example/chatbotrag/service/LanguageDetectionService.java: C:\Users\PC\Desktop\backen_version_final-main\src\main\java\com\example\chatbotrag\service\LanguageDetectionService.java uses or overrides a deprecated API.
[INFO] /C:/Users/PC/Desktop/backen_version_final-main/src/main/java/com/example/chatbotrag/service/LanguageDetectionService.java: Recompile with -Xlint:deprecation for details.
[INFO] /C:/Users/PC/Desktop/backen_version_final-main/src/main/java/com/example/chatbotrag/controller/AdminController.java: Some input files use unchecked or unsafe operations.
[INFO] /C:/Users/PC/Desktop/backen_version_final-main/src/main/java/com/example/chatbotrag/controller/AdminController.java: Recompile with -Xlint:unchecked for details.
[INFO] -------------------------------------------------------------
[ERROR] COMPILATION ERROR : 
[INFO] -------------------------------------------------------------
[ERROR] /C:/Users/PC/Desktop/backen_version_final-main/src/main/java/com/example/chatbotrag/controller/ChatController.java:[102,37] cannot find symbol
  symbol:   method clearHistory(java.lang.String)
  location: variable conversationHistoryStore of type com.example.chatbotrag.store.ConversationHistoryStore
[INFO] 1 error
[INFO] -------------------------------------------------------------
[INFO] ------------------------------------------------------------------------
[INFO] BUILD FAILURE
[INFO] ------------------------------------------------------------------------
[INFO] Total time:  4.022 s
[INFO] Finished at: 2025-06-30T17:07:03+01:00
[INFO] ------------------------------------------------------------------------
[ERROR] Failed to execute goal org.apache.maven.plugins:maven-compiler-plugin:3.13.0:compile (default-compile) on project chatbot_rag: Compilation failure
[ERROR] /C:/Users/PC/Desktop/backen_version_final-main/src/main/java/com/example/chatbotrag/controller/ChatController.java:[102,37] cannot find symbol
[ERROR]   symbol:   method clearHistory(java.lang.String)
[ERROR]   location: variable conversationHistoryStore of type com.example.chatbotrag.store.ConversationHistoryStore
[ERROR] 
[ERROR] -> [Help 1]
[ERROR] 
[ERROR] To see the full stack trace of the errors, re-run Maven with the -e switch.
[ERROR] Re-run Maven using the -X switch to enable full debug logging.
[ERROR] 
[ERROR] For more information about the errors and possible solutions, please read the following articles:
[ERROR] [Help 1] http://cwiki.apache.org/confluence/display/MAVEN/MojoFailureException
